<?xml version="1.0" encoding="UTF-8"?>
<!-- Generated by org.testng.reporters.JUnitReportReporter -->
<testsuite hostname="jorges-mbp.lan" failures="0" tests="1" name="sampleMavenSeleniumProject.Test1" time="6.436" errors="0" timestamp="2024-03-13T23:38:09 PDT" skipped="0">
  <testcase classname="sampleMavenSeleniumProject.Test1" name="setUp" time="6.436"/>
</testsuite> <!-- sampleMavenSeleniumProject.Test1 -->
