<?xml version="1.0" encoding="UTF-8"?>
<!-- Generated by org.testng.reporters.JUnitReportReporter -->
<testsuite hostname="jorges-mbp.lan" failures="0" tests="1" name="sampleMavenSeleniumProject.LoginPageTest" time="3.877" errors="0" timestamp="2024-03-18T10:36:30 PDT" skipped="0">
  <testcase classname="sampleMavenSeleniumProject.LoginPageTest" name="pageLoginTest" time="3.877"/>
</testsuite> <!-- sampleMavenSeleniumProject.LoginPageTest -->
